TN:
SF:src/calculator.ts
FN:54,(anonymous_8)
FN:94,(anonymous_9)
FN:55,(anonymous_10)
FN:60,(anonymous_11)
FN:64,(anonymous_12)
FN:67,(anonymous_13)
FN:73,(anonymous_14)
FN:76,(anonymous_15)
FN:79,(anonymous_16)
FN:80,(anonymous_17)
FN:81,(anonymous_18)
FN:86,(anonymous_19)
FN:90,(anonymous_21)
FNF:13
FNH:13
FNDA:12,(anonymous_8)
FNDA:1,(anonymous_9)
FNDA:1,(anonymous_10)
FNDA:3,(anonymous_11)
FNDA:1,(anonymous_12)
FNDA:2,(anonymous_13)
FNDA:1,(anonymous_14)
FNDA:2,(anonymous_15)
FNDA:2,(anonymous_16)
FNDA:2,(anonymous_17)
FNDA:2,(anonymous_18)
FNDA:1,(anonymous_19)
FNDA:1,(anonymous_21)
DA:1,1
DA:3,1
DA:56,1
DA:57,1
DA:58,1
DA:61,3
DA:62,3
DA:65,1
DA:68,2
DA:69,1
DA:71,1
DA:74,1
DA:77,2
DA:80,2
DA:81,2
DA:82,2
DA:87,1
DA:91,1
DA:94,12
DA:96,1
LF:20
LH:20
BRDA:68,0,0,1
BRDA:68,0,1,1
BRF:2
BRH:2
end_of_record
